<?xml version="1.0" encoding="UTF-8"?>
<!-- Generated by org.testng.reporters.JUnitXMLReporter -->
<testsuite ignored="4" hostname="LAPTOP-6UPTAFLI" failures="0" tests="7" name="Test" time="191.034" errors="0" timestamp="2023-01-13T16:59:33 IST">
  <testcase classname="com.cliantha.testcases.LoginPageTest" name="loginTest" time="8.841"/>
  <testcase classname="com.cliantha.testcases.ReportsPageTest" name="listofDeletedProtocolDeviationReportTest" time="8.519"/>
  <testcase classname="com.cliantha.testcases.ReportsPageTest" name="downloadDeletedProtocolDeviationReportTest" time="34.826"/>
  <testcase classname="com.cliantha.testcases.ProjectSetupPageTest" name="projectsearchfieldshouldbeavailableTest" time="10.875"/>
  <testcase classname="com.cliantha.testcases.ProjectSetupPageTest" name="resetTest" time="15.625"/>
  <testcase classname="com.cliantha.testcases.ProjectSetupPageTest" name="searchByProjectNameTest" time="11.958"/>
  <testcase classname="com.cliantha.testcases.ProjectSetupPageTest" name="searchByProjectNumberTest" time="11.211"/>
  <testcase classname="com.cliantha.base.BaseCliantha" name="@AfterSuite afterSuite" time="0.0">
    <ignored/>
  </testcase> <!-- @AfterSuite afterSuite -->
  <testcase classname="com.cliantha.base.BaseCliantha" name="@AfterSuite afterSuite" time="0.0">
    <ignored/>
  </testcase> <!-- @AfterSuite afterSuite -->
  <testcase classname="com.cliantha.base.BaseCliantha" name="@BeforeSuite loadConfig" time="0.0">
    <ignored/>
  </testcase> <!-- @BeforeSuite loadConfig -->
  <testcase classname="com.cliantha.base.BaseCliantha" name="@BeforeSuite loadConfig" time="0.0">
    <ignored/>
  </testcase> <!-- @BeforeSuite loadConfig -->
</testsuite> <!-- Test -->
